16374562816 0 0 0 0 0 0 0 0 0 0 0 0 0 0 0 0 0 0 0 0 0 0 0 0 0 0 0 0 0 
16374562816 8120172544 0 0 0 0 0 0 0 0 0 0 0 0 0 0 0 0 0 0 0 0 0 0 0 0 0 0 0 0 
8254390272 8120172544 4026531840 0 0 0 0 0 0 0 0 0 0 0 0 0 0 0 0 0 0 0 0 0 0 0 0 0 0 0 
4160749568 4093640704 4026531840 1996488704 0 0 0 0 0 0 0 0 0 0 0 0 0 0 0 0 0 0 0 0 0 0 0 0 0 0 
2097152000 2063597568 2030043136 1996488704 989855744 0 0 0 0 0 0 0 0 0 0 0 0 0 0 0 0 0 0 0 0 0 0 0 0 0 
1056964608 1040187392 1023410176 1006632960 989855744 490733568 0 0 0 0 0 0 0 0 0 0 0 0 0 0 0 0 0 0 0 0 0 0 0 0 
532676608 524288000 515899392 507510784 499122176 490733568 243269632 0 0 0 0 0 0 0 0 0 0 0 0 0 0 0 0 0 0 0 0 0 0 0 
268435456 264241152 260046848 255852544 251658240 247463936 243269632 120586240 0 0 0 0 0 0 0 0 0 0 0 0 0 0 0 0 0 0 0 0 0 0 
135266304 133169152 131072000 128974848 126877696 124780544 122683392 120586240 59768832 0 0 0 0 0 0 0 0 0 0 0 0 0 0 0 0 0 0 0 0 0 
68157440 67108864 66060288 65011712 63963136 62914560 61865984 60817408 59768832 29622272 0 0 0 0 0 0 0 0 0 0 0 0 0 0 0 0 0 0 0 0 
34340864 33816576 33292288 32768000 32243712 31719424 31195136 30670848 30146560 29622272 14680064 0 0 0 0 0 0 0 0 0 0 0 0 0 0 0 0 0 0 0 
17301504 17039360 16777216 16515072 16252928 15990784 15728640 15466496 15204352 14942208 14680064 7274496 0 0 0 0 0 0 0 0 0 0 0 0 0 0 0 0 0 0 
8716288 8585216 8454144 8323072 8192000 8060928 7929856 7798784 7667712 7536640 7405568 7274496 3604480 0 0 0 0 0 0 0 0 0 0 0 0 0 0 0 0 0 
4390912 4325376 4259840 4194304 4128768 4063232 3997696 3932160 3866624 3801088 3735552 3670016 3604480 1785856 0 0 0 0 0 0 0 0 0 0 0 0 0 0 0 0 
2211840 2179072 2146304 2113536 2080768 2048000 2015232 1982464 1949696 1916928 1884160 1851392 1818624 1785856 884736 0 0 0 0 0 0 0 0 0 0 0 0 0 0 0 
1114112 1097728 1081344 1064960 1048576 1032192 1015808 999424 983040 966656 950272 933888 917504 901120 884736 438272 0 0 0 0 0 0 0 0 0 0 0 0 0 0 
561152 552960 544768 536576 528384 520192 512000 503808 495616 487424 479232 471040 462848 454656 446464 438272 217088 0 0 0 0 0 0 0 0 0 0 0 0 0 
282624 278528 274432 270336 266240 262144 258048 253952 249856 245760 241664 237568 233472 229376 225280 221184 217088 107520 0 0 0 0 0 0 0 0 0 0 0 0 
142336 140288 138240 136192 134144 132096 130048 128000 125952 123904 121856 119808 117760 115712 113664 111616 109568 107520 53248 0 0 0 0 0 0 0 0 0 0 0 
71680 70656 69632 68608 67584 66560 65536 64512 63488 62464 61440 60416 59392 58368 57344 56320 55296 54272 53248 26368 0 0 0 0 0 0 0 0 0 0 
36096 35584 35072 34560 34048 33536 33024 32512 32000 31488 30976 30464 29952 29440 28928 28416 27904 27392 26880 26368 13056 0 0 0 0 0 0 0 0 0 
18176 17920 17664 17408 17152 16896 16640 16384 16128 15872 15616 15360 15104 14848 14592 14336 14080 13824 13568 13312 13056 6464 0 0 0 0 0 0 0 0 
9152 9024 8896 8768 8640 8512 8384 8256 8128 8000 7872 7744 7616 7488 7360 7232 7104 6976 6848 6720 6592 6464 3200 0 0 0 0 0 0 0 
4608 4544 4480 4416 4352 4288 4224 4160 4096 4032 3968 3904 3840 3776 3712 3648 3584 3520 3456 3392 3328 3264 3200 1584 0 0 0 0 0 0 
2320 2288 2256 2224 2192 2160 2128 2096 2064 2032 2000 1968 1936 1904 1872 1840 1808 1776 1744 1712 1680 1648 1616 1584 784 0 0 0 0 0 
1168 1152 1136 1120 1104 1088 1072 1056 1040 1024 1008 992 976 960 944 928 912 896 880 864 848 832 816 800 784 388 0 0 0 0 
588 580 572 564 556 548 540 532 524 516 508 500 492 484 476 468 460 452 444 436 428 420 412 404 396 388 192 0 0 0 
296 292 288 284 280 276 272 268 264 260 256 252 248 244 240 236 232 228 224 220 216 212 208 204 200 196 192 95 0 0 
149 147 145 143 141 139 137 135 133 131 129 127 125 123 121 119 117 115 113 111 109 107 105 103 101 99 97 95 47 0 
75 74 73 72 71 70 69 68 67 66 65 64 63 62 61 60 59 58 57 56 55 54 53 52 51 50 49 48 47 46 
