3905
1 18827
14 9652
19 22163
28 31556
30 3373
38 46674
39 16571
39 32444
48 3122
48 9726
48 13014
48 37634
54 26708
61 25597
65 18965
80 6168
87 30786
106 41661
113 22224
116 28029
126 824
142 29126
142 47912
148 26439
148 49967
149 32774
156 38829
162 329
162 13398
178 18722
183 14212
197 33658
202 8400
207 20293
212 13940
218 8658
220 13360
222 12057
226 33073
235 10786
237 2297
252 26481
254 24955
259 17369
260 21336
264 12517
266 2132
274 31710
274 42742
276 41416
278 27657
280 21428
280 35093
292 5137
298 45420
306 29742
317 42881
324 38950
330 5555
350 43959
363 29452
369 17199
381 7584
387 11408
387 32392
390 29689
393 1955
395 7653
405 33975
406 33033
407 23638
411 36977
411 38284
412 3455
419 34503
421 45308
424 13867
431 4792
444 5693
447 20028
470 9530
478 15668
482 4324
482 14814
490 18069
494 19875
495 49046
504 45050
508 29098
511 31194
518 30670
518 36197
520 31759
529 3775
536 29682
540 10346
569 32611
573 20311
574 29965
593 23238
602 12259
602 39364
615 43224
627 24224
630 17109
634 1964
650 14245
654 3459
658 46429
662 43350
690 5709
695 30138
696 7077
710 44770
712 32510
713 43937
714 18508
734 47732
743 45246
750 26709
754 44710
759 24440
760 5870
762 16991
767 29279
774 40982
776 27690
786 41172
787 26460
787 36015
789 15034
793 5333
797 9802
810 20348
815 48469
818 11926
821 31210
827 47506
828 37034
845 31086
858 24634
865 37701
869 20826
874 48662
885 34405
886 5073
890 11518
892 24139
897 13543
910 28398
918 24021
920 19839
928 40221
933 47983
935 49164
936 29900
961 22704
967 11013
975 31154
989 9185
998 29681
999 38292
1001 2172
1018 3603
1028 21838
1029 35683
1041 25495
1045 48615
1061 22497
1061 49860
1064 20788
1073 2299
1088 40830
1096 12853
1107 33920
1117 48580
1121 2824
1135 29788
1140 44179
1141 35231
1141 45240
1142 3569
1145 44730
1146 36209
1148 6191
1155 19374
1157 4069
1160 39220
1174 8051
1182 7961
1184 37373
1189 19658
1198 48778
1201 43214
1207 20765
1215 16663
1218 7993
1233 25280
1236 12024
1236 13676
1249 20852
1254 37068
1263 36609
1281 49704
1288 22400
1291 9295
1296 6262
1300 9701
1301 26540
1302 28541
1305 32907
1306 2111
1311 44550
1327 8542
1337 8455
1338 49086
1341 31050
1346 6554
1347 2549
1349 40392
1359 6289
1359 29977
1368 7641
1368 8626
1377 22621
1381 26318
1388 30554
1389 21522
1394 49994
1407 38201
1412 8533
1418 48599
1424 6845
1426 47458
1442 5010
1444 3679
1444 34926
1452 8887
1455 48706
1456 8509
1458 49570
1459 7520
1461 41335
1463 47959
1471 36842
1473 41458
1474 42116
1478 49125
1486 49517
1488 8666
1489 38029
1494 19202
1498 11991
1504 29951
1511 28183
1513 18317
1515 28106
1517 40686
1522 49036
1523 5635
1523 14448
1527 34734
1534 10076
1549 48437
1555 4803
1556 20708
1558 37169
1577 33028
1588 32209
1596 27197
1622 23645
1635 43353
1636 48183
1639 33095
1663 1750
1668 5020
1673 43792
1675 5368
1676 33385
1678 22796
1680 9228
1691 1966
1699 12758
1708 34939
1712 29668
1716 26160
1717 2187
1722 3253
1725 47343
1740 3991
1747 26697
1747 36297
1771 49308
1773 15502
1774 30973
1777 31256
1779 26161
1786 13174
1797 48101
1804 40074
1805 11674
1806 36617
1807 47231
1811 34375
1818 7354
1819 38595
1821 8062
1828 38197
1830 17594
1834 44586
1837 7383
1840 32887
1857 22923
1859 21431
1860 21227
1869 4003
1875 3914
1878 14996
1886 14011
1887 43272
1888 9415
1890 28022
1894 7107
1921 40092
1930 26971
1935 36592
1944 29881
1946 40810
1955 9973
1955 16797
1955 41885
1962 23798
1967 45627
1973 31041
1981 25243
1985 38929
1997 44720
2004 29161
2008 21334
2011 48568
2013 20275
2027 29647
2040 8485
2064 7135
2065 24780
2070 15956
2084 26861
2089 4261
2089 20240
2094 33947
2112 22446
2129 9185
2141 6829
2141 37108
2144 21316
2173 15099
2174 30463
2190 32597
2196 47349
2208 43761
2218 24924
2230 17985
2231 16813
2233 49912
2236 29217
2248 32870
2248 42599
2279 22170
2286 4161
2286 34788
2288 12300
2305 5796
2307 47485
2311 28848
2314 44423
2316 2792
2316 11658
2318 12066
2319 25097
2321 14964
2323 38335
2326 26284
2330 22762
2340 17795
2345 46088
2349 44669
2358 14509
2364 14083
2381 3160
2384 9762
2384 30680
2396 8578
2404 41368
2406 20361
2407 14924
2411 47642
2412 5500
2414 28651
2417 9042
2420 15645
2426 40379
2429 26230
2433 18253
2434 32462
2434 41972
2440 25620
2441 29445
2459 11832
2470 39214
2472 4798
2479 46709
2485 48656
2491 43868
2493 24383
2506 41240
2509 4051
2511 20246
2537 42280
2555 10264
2562 30155
2563 48691
2567 36869
2572 42149
2582 46900
2583 10535
2588 13398
2588 32537
2589 25631
2601 36935
2631 11238
2632 49364
2635 29015
2647 47894
2658 25341
2658 32214
2669 44037
2671 46321
2688 44626
2719 45338
2722 20882
2726 18238
2727 33033
2732 12224
2737 47735
2751 21390
2764 32632
2774 24983
2781 44958
2788 18038
2802 23414
2804 35096
2813 6114
2830 26013
2838 40783
2840 3372
2853 3225
2857 42103
2875 44707
2879 14405
2881 33939
2887 37827
2895 27582
2896 16383
2903 30402
2906 47945
2912 15161
2914 10397
2940 40099
2952 24511
2961 29768
2973 28647
2974 16611
2975 15673
2978 22590
2986 31726
3009 5192
3023 39348
3028 38816
3033 3114
3035 23722
3037 43540
3079 24779
3081 44492
3091 47038
3103 22207
3107 42727
3114 28694
3119 11943
3136 8011
3141 44603
3142 46761
3156 11028
3156 12490
3186 42551
3198 3996
3217 28881
3218 16152
3221 8056
3221 17918
3223 7945
3226 26052
3235 44279
3244 48974
3248 42479
3255 29944
3269 35324
3274 48768
3275 6053
3281 7066
3288 40987
3290 33197
3290 45805
3291 6471
3311 26690
3315 24458
3336 22583
3337 34962
3348 40462
3352 6796
3357 13782
3362 15513
3362 42351
3367 43437
3386 23581
3391 45255
3392 8211
3396 33706
3398 49560
3401 41258
3402 34435
3407 48744
3409 23706
3433 36200
3435 14946
3437 30545
3472 15340
3473 15186
3475 28101
3479 4901
3481 10856
3499 8025
3501 43771
3511 47870
3516 20727
3518 41509
3533 27733
3540 18333
3559 47476
3565 3902
3569 45026
3573 13793
3575 44094
3581 7358
3593 46197
3594 42998
3595 24344
3608 31558
3619 32861
3620 42253
3622 46112
3645 30812
3660 39143
3664 35661
3677 10931
3681 12867
3685 35041
3692 47009
3705 11551
3707 28727
3722 35860
3737 6454
3756 11045
3759 19833
3770 13543
3777 45164
3778 9211
3779 35744
3802 28035
3807 15366
3810 15089
3814 4865
3817 34380
3820 47394
3827 48544
3829 19168
3838 27919
3839 39679
3846 25730
3867 6735
3892 29946
3893 49676
3907 18670
3910 26743
3912 12143
3915 10100
3926 13308
3933 16498
3949 21479
3955 26163
3956 25295
3959 48909
3966 45892
3974 43000
3976 4038
3987 12670
3992 17844
4003 32133
4007 34686
4013 45570
4015 6657
4015 15263
4025 41168
4033 14199
4035 24100
4037 19631
4056 16972
4057 41361
4074 19049
4092 29891
4096 9302
4103 28222
4110 11624
4119 22682
4127 33748
4136 27102
4138 40708
4148 44936
4158 46805
4159 48452
4160 8452
4165 15532
4173 4495
4176 6954
4177 25366
4179 47905
4185 27791
4188 22994
4204 5463
4209 16505
4225 8295
4229 25689
4246 17929
4250 10086
4251 7461
4251 28630
4252 6546
4256 7326
4261 37901
4265 39497
4281 33735
4301 8439
4301 13650
4307 35881
4310 9698
4319 42669
4325 16807
4329 17327
4331 33198
4333 45295
4342 4795
4359 22234
4383 41696
4384 39667
4389 15242
4395 30180
4401 47418
4418 29872
4419 46419
4421 5017
4422 31142
4429 26845
4431 39646
4438 37255
4440 40627
4444 18565
4459 16641
4461 4937
4474 21599
4478 32606
4483 41824
4490 21366
4503 47887
4506 10365
4515 45607
4518 33522
4526 11901
4529 33951
4542 44937
4545 46974
4549 7040
4567 9390
4576 38730
4577 31291
4579 29228
4580 23071
4584 9961
4589 34245
4593 48545
4603 30039
4605 43667
4607 43906
4609 4653
4609 28430
4621 32827
4623 6070
4632 15253
4658 29582
4663 9973
4671 46579
4672 20089
4674 48482
4681 13499
4682 6245
4704 35166
4718 49136
4726 43798
4727 11292
4732 25040
4734 14248
4739 48241
4749 30252
4757 14719
4760 18785
4765 45980
4768 44751
4774 9212
4782 39252
4785 11873
4808 25660
4810 30920
4814 38179
4817 36949
4823 22614
4828 34656
4876 23819
4879 13203
4885 17979
4891 47492
4892 24168
4902 19054
4917 32429
4918 34337
4930 30908
4931 30993
4935 5658
4937 46695
4947 21805
4951 30592
4960 43800
4961 15230
4966 22699
4977 30768
4980 29649
4988 28107
4990 31129
4993 27444
5001 20553
5027 38332
5028 22636
5034 44161
5048 8802
5049 6730
5061 17911
5072 16942
5085 21020
5089 8063
5110 12358
5132 48916
5134 11772
5137 16619
5141 14314
5148 26515
5165 31920
5166 9491
5172 44581
5213 38025
5215 15163
5224 31517
5239 38733
5272 27339
5275 30737
5284 29958
5287 40559
5290 28749
5294 44885
5298 14000
5322 32248
5323 46814
5324 21054
5335 42633
5337 30677
5338 40308
5340 31302
5342 24681
5346 10018
5356 19523
5362 17829
5370 8429
5372 30581
5375 21475
5383 33140
5387 25411
5389 31011
5394 44288
5398 47927
5408 7650
5416 35482
5431 44262
5438 35522
5441 16496
5442 49078
5446 48220
5447 41406
5448 27178
5451 49973
5455 20909
5469 34309
5480 10600
5482 6910
5482 44828
5486 28900
5491 41611
5513 31971
5531 18171
5534 25309
5535 17212
5535 44688
5538 21453
5542 36753
5543 26391
5546 46175
5553 37641
5559 29914
5567 25090
5575 24852
5576 38365
5581 17469
5583 18049
5589 49699
5590 7049
5592 38087
5605 10031
5606 19161
5611 29292
5634 16385
5639 16286
5647 40373
5651 8605
5655 19322
5656 25462
5658 39567
5705 31089
5707 38021
5715 32180
5725 42334
5726 13989
5728 18315
5732 21851
5732 27907
5736 7169
5751 12034
5759 31847
5761 36726
5765 6040
5767 14677
5768 44755
5770 39685
5777 11706
5783 24400
5783 41488
5794 11686
5799 48492
5805 29900
5815 35684
5817 44093
5820 28798
5823 29397
5827 44615
5831 36853
5837 29539
5841 19225
5846 27010
5854 29777
5864 20810
5866 40696
5881 25082
5883 35387
5883 46264
5888 48780
5892 40808
5902 25253
5903 29509
5908 6045
5925 40915
5938 47462
5941 38763
5946 37467
5947 6755
5950 41926
5950 46712
5952 16595
5953 9230
5955 25800
5968 37042
5974 41482
5980 31263
5990 41207
5992 41173
5993 49454
5997 6578
5998 30228
6005 41211
6020 25796
6020 35642
6020 42524
6022 43838
6026 26661
6026 29940
6035 17358
6036 7139
6038 33855
6038 44222
6087 24322
6089 18713
6092 32152
6102 17987
6103 23224
6108 31914
6121 18740
6140 16468
6181 6501
6188 10001
6194 17659
6195 23527
6198 21473
6201 48154
6209 45714
6230 10238
6233 30328
6234 14707
6238 18197
6261 46119
6278 28388
6289 44320
6292 40562
6299 22310
6309 35872
6313 9107
6318 48125
6321 30692
6340 38563
6351 22779
6352 13837
6357 48558
6360 28615
6360 34281
6395 48737
6400 47043
6404 8837
6409 17745
6430 42844
6449 14270
6451 32489
6452 43787
6472 39874
6475 6701
6480 48159
6510 15279
6515 11332
6518 14873
6519 36236
6526 34464
6531 41454
6533 8798
6534 37907
6542 36437
6548 6991
6570 34298
6574 16054
6584 33190
6593 14530
6599 21757
6602 48845
6616 8412
6626 22094
6627 32789
6635 27797
6641 35292
6642 48863
6650 32277
6654 43875
6655 48211
6666 22763
6666 23295
6671 44768
6673 48679
6678 12360
6695 14450
6702 11137
6702 41555
6708 43449
6715 49780
6726 26490
6728 25922
6730 45836
6731 22606
6739 47837
6748 32660
6750 30092
6758 20273
6771 21217
6774 20384
6784 23017
6802 26808
6806 38042
6811 34244
6812 38927
6828 35820
6829 45915
6843 7497
6844 49812
6848 20134
6850 32903
6853 11279
6862 18970
6864 18754
6867 7746
6871 8788
6875 27041
6879 20780
6888 39457
6891 34687
6901 28006
6902 49849
6941 48855
6953 7177
6957 36880
6959 43104
6967 30465
6968 9257
6968 22624
6979 19508
6981 21953
6997 22615
7000 28476
7002 39516
7016 13722
7020 16551
7036 19887
7046 27902
7046 41913
7052 39275
7053 32942
7056 35584
7070 46576
7081 30714
7084 28114
7085 29345
7102 8036
7110 29184
7120 25963
7137 36180
7156 24208
7158 18847
7182 28202
7183 46461
7194 46636
7208 29889
7218 8454
7221 29201
7234 29475
7244 45033
7254 27837
7257 27124
7267 17970
7273 32120
7280 21394
7281 37691
7287 17420
7289 36669
7292 43166
7295 14861
7298 34553
7301 27066
7315 23290
7328 19918
7328 49958
7331 25833
7334 42543
7342 11696
7346 24589
7347 20364
7348 46325
7353 48168
7355 47388
7364 35870
7369 35973
7388 48045
7391 8429
7394 28410
7397 17110
7406 24945
7421 31239
7422 20834
7425 28282
7434 29682
7440 48945
7447 44871
7451 28906
7455 20324
7457 31155
7465 20550
7468 33108
7483 11371
7486 21083
7489 38417
7501 43092
7507 49729
7512 10560
7519 28631
7526 9773
7545 32108
7551 37843
7555 22006
7567 39102
7568 49745
7586 30668
7587 31484
7604 39823
7619 31233
7620 30903
7628 10345
7628 29991
7633 18195
7636 44255
7637 12566
7640 36435
7660 12988
7672 9558
7674 32415
7675 37002
7677 11216
7681 45357
7722 17915
7731 23381
7737 24642
7744 28145
7748 34951
7749 48763
7750 14667
7769 23491
7771 18051
7776 19803
7777 42996
7804 28555
7811 19470
7813 18914
7824 36470
7827 13916
7834 23961
7840 14357
7850 31067
7851 39350
7854 19167
7861 17472
7862 15127
7867 41134
7873 26114
7879 30562
7881 27966
7887 25653
7890 37308
7895 12082
7904 46845
7905 37751
7908 47053
7915 37904
7919 41830
7920 32303
7928 12113
7935 34175
7939 10747
7939 29730
7956 45062
7959 30200
7966 27709
7983 39997
7988 48813
7993 30622
7997 26249
7998 47212
8003 31652
8005 47596
8013 20066
8016 39765
8026 38161
8027 20831
8028 30085
8030 44738
8032 24221
8049 43029
8054 10802
8054 36457
8059 35434
8060 48487
8063 17238
8067 46091
8069 25497
8083 13152
8091 8566
8095 21098
8100 43401
8113 38362
8114 40572
8125 22398
8132 16263
8135 41018
8144 41417
8161 17696
8164 47215
8172 32551
8179 48087
8182 37902
8188 21086
8199 15131
8207 40178
8213 13345
8223 44908
8231 39296
8232 35123
8236 42330
8240 33954
8242 35573
8249 38564
8261 33988
8286 31933
8295 8624
8303 30642
8314 24751
8321 14761
8325 48762
8329 18799
8332 17997
8334 42335
8339 14881
8344 43453
8348 10522
8355 13155
8357 14302
8360 29199
8366 32683
8370 27020
8380 31515
8386 22268
8396 41312
8397 35295
8400 19483
8403 32898
8410 35598
8416 42706
8428 30205
8448 26253
8470 15013
8470 21300
8471 8685
8499 21073
8507 35369
8516 19442
8531 11275
8552 43592
8557 45541
8562 37706
8564 10015
8570 43707
8574 28103
8577 12659
8593 28464
8602 11918
8602 38655
8605 33345
8621 42480
8634 16480
8648 24185
8651 22586
8654 42806
8660 19200
8679 28422
8687 40451
8696 12631
8705 17203
8705 17846
8705 27543
8705 35182
8719 15667
8723 28904
8728 48507
8745 10666
8761 43923
8761 46910
8775 13194
8781 45757
8802 14539
8807 35513
8820 30762
8824 43774
8840 18268
8842 35970
8842 37046
8864 23433
8874 19531
8876 11518
8898 24140
8903 29119
8904 42106
8928 37933
8954 30494
8956 35108
8957 42909
8959 15630
8963 11657
8969 32244
8984 10059
8989 25088
9011 35475
9013 16229
9017 31910
9032 31236
9032 34908
9039 11729
9043 30448
9053 32591
9068 45890
9069 10372
9078 22797
9096 28930
9111 45103
9116 45131
9116 48717
9121 39273
9135 20463
9140 9585
9140 41966
9149 15025
9153 26402
9157 11968
9158 18043
9172 44359
9173 38729
9180 22281
9181 15658
9184 10186
9192 47606
9197 29870
9199 27637
9203 18149
9205 11508
9214 17874
9217 47068
9219 27970
9239 34767
9253 24501
9253 29902
9258 31143
9261 39255
9264 13372
9265 48938
9270 47144
9274 26969
9286 49688
9303 16418
9306 44665
9307 10738
9310 20064
9325 37551
9351 15837
9352 11298
9381 29909
9395 48066
9396 36778
9413 47482
9431 48435
9434 20378
9447 19104
9457 10224
9474 30955
9484 22122
9513 44227
9525 49884
9530 40869
9536 44341
9539 47135
9556 33682
9578 13712
9582 22016
9590 44698
9593 29130
9602 38260
9604 12494
9628 20963
9641 26223
9650 43450
9652 37583
9675 15133
9679 18704
9682 34080
9688 34707
9690 26645
9691 13569
9699 25962
9704 17858
9705 21386
9708 29326
9709 46821
9714 38912
9724 16265
9735 32569
9738 44063
9743 45613
9763 38111
9765 39193
9777 31425
9785 42054
9792 41188
9800 18371
9807 45478
9814 40205
9814 46495
9823 12014
9832 13790
9845 28841
9851 18228
9851 33406
9852 39315
9861 31403
9869 24144
9875 10005
9876 16365
9883 24822
9887 41598
9895 45099
9898 16850
9911 33020
9914 38764
9916 40076
9925 13296
9933 44596
9937 36486
9951 41435
9965 10337
9976 13504
9977 21004
9978 23940
9980 40956
9981 27442
9994 28724
9998 28789
10011 22550
10012 36280
10016 27761
10029 32147
10032 47950
10035 23750
10043 20638
10045 18858
10047 15316
10047 21255
10050 17913
10057 37539
10058 30702
10065 31175
10068 24860
10070 18343
10074 34526
10121 28308
10130 44673
10136 41333
10137 22036
10142 48454
10145 12035
10145 20568
10146 44430
10151 28301
10156 40517
10161 25009
10166 18776
10168 38461
10169 36653
10171 24786
10173 38633
10179 35004
10206 42141
10223 28173
10226 43326
10233 18133
10243 36101
10244 20349
10248 11742
10255 30220
10260 13881
10269 29097
10294 30816
10301 45321
10311 40818
10314 45077
10324 45299
10327 24868
10330 46788
10347 42675
10358 40653
10362 25587
10381 28130
10394 16027
10405 34513
10418 33932
10419 29025
10432 49961
10435 33955
10448 45069
10467 19967
10482 23511
10497 29942
10500 27462
10523 37815
10527 28829
10531 15305
10535 12093
10539 46016
10547 16696
10549 23950
10579 22312
10588 24071
10602 21686
10607 24330
10618 11299
10641 15733
10647 18839
10655 34571
10670 10960
10675 29669
10688 25000
10689 11012
10708 43883
10712 22034
10714 34477
10735 17776
10739 23154
10749 14190
10750 41362
10751 19354
10754 13063
10755 17292
10771 39328
10772 24735
10783 44476
10786 29746
10797 27011
10807 48057
10810 48284
10814 22808
10823 47162
10825 49254
10833 22016
10840 42809
10845 49321
10862 11069
10867 34260
10877 42028
10882 28256
10896 36423
10896 48896
10907 15856
10911 20245
10933 30254
10941 13299
10945 37139
10946 15601
10949 36626
10949 39742
10965 41437
10986 44142
11029 48717
11031 25283
11032 40214
11033 21636
11042 35203
11044 15780
11054 44596
11055 31158
11064 20757
11065 23399
11073 47120
11081 40464
11099 31730
11103 24373
11124 44521
11128 19020
11133 16490
11136 14978
11145 16518
11149 36634
11166 32700
11168 22714
11173 28888
11183 24731
11192 43113
11213 32213
11216 30286
11226 30662
11234 12959
11243 22755
11251 31829
11261 41234
11269 48756
11277 11414
11302 46171
11303 27743
11313 12667
11313 17693
11317 21057
11318 14627
11331 41693
11342 24793
11349 41305
11351 31942
11352 31176
11355 36546
11365 34282
11370 47632
11385 19193
11386 24809
11398 13052
11400 46452
11405 16281
11410 15204
11416 42862
11418 38151
11444 21250
11461 40625
11462 30234
11473 43873
11481 30631
11492 48765
11512 44911
11515 13912
11521 33218
11525 47112
11543 25239
11557 16594
11576 46658
11590 24410
11608 37538
11621 15698
11625 19618
11631 27891
11644 49047
11672 25871
11690 15515
11691 36656
11693 18636
11719 44095
11781 34591
11800 19107
11804 24719
11823 32977
11829 42657
11834 40634
11851 33286
11857 29391
11866 47923
11872 38468
11876 19714
11878 23564
11882 34278
11886 33814
11903 45435
11910 36299
11911 18348
11914 33516
11915 33741
11921 43956
11941 21930
11944 16552
11945 21719
11951 29278
11953 33752
11961 32439
11965 48320
11974 37588
11974 37897
11993 33991
11995 33590
11995 35972
12002 38585
12012 28361
12014 21381
12017 35402
12018 25093
12022 12408
12040 31337
12041 23241
12078 41576
12083 38028
12091 15272
12097 17647
12097 42668
12112 45709
12121 15566
12122 32920
12128 13751
12141 31723
12146 32157
12150 32726
12156 44214
12163 44019
12171 45948
12185 18745
12195 20840
12210 23782
12211 26273
12213 37938
12220 21595
12224 18223
12233 24526
12233 39719
12264 28960
12274 17926
12285 16842
12294 13400
12299 18968
12338 30433
12343 33058
12361 45546
12364 30716
12368 13638
12373 23171
12379 21175
12380 26879
12380 40696
12402 34429
12406 34966
12416 32811
12426 44204
12430 38127
12451 32312
12453 34478
12476 14019
12484 20541
12488 45687
12492 15443
12493 19426
12501 42367
12502 25811
12513 49288
12519 28646
12529 21022
12530 22139
12539 42521
12545 13437
12548 45610
12549 44470
12560 35236
12566 15174
12566 32026
12574 43757
12597 46723
12608 14750
12612 15918
12620 34394
12633 29678
12644 40414
12653 13703
12655 48169
12660 27863
12678 34964
12684 34973
12688 22502
12699 22336
12699 24906
12712 28819
12715 18505
12723 36419
12735 15537
12736 13735
12742 18391
12744 26381
12755 40866
12774 35394
12805 15377
12822 28881
12825 13691
12829 44477
12834 41967
12867 23434
12869 33034
12874 14845
12891 36553
12904 44905
12931 27579
12933 28384
12935 41734
12946 40426
12960 41350
12964 28622
12987 29372
13003 40752
13013 47263
13014 24938
13018 14512
13025 19154
13030 41842
13031 25573
13034 24227
13035 48234
13047 21485
13061 26338
13066 17539
13076 26478
13092 13971
13099 29780
13112 32605
13135 25517
13138 27810
13154 45028
13159 24783
13167 25124
13171 15969
13172 36547
13196 49942
13216 38453
13217 37763
13221 37453
13240 46642
13241 15140
13249 40325
13252 40404
13266 24618
13267 27183
13278 27630
13284 35514
13293 37768
13297 25658
13297 34977
13300 23768
13312 32260
13339 15050
13357 17808
13361 22982
13366 21673
13376 24562
13380 43454
13399 33879
13405 44596
13408 33868
13453 49181
13457 49907
13459 13724
13468 33208
13471 30165
13486 35236
13488 42347
13492 19476
13494 31572
13503 48407
13510 32976
13553 47341
13572 39811
13576 23241
13587 26662
13590 14138
13590 17954
13592 42650
13611 23578
13624 24132
13626 49582
13655 35827
13658 27858
13669 47502
13691 25787
13705 23186
13706 20183
13734 45426
13736 26433
13736 28195
13737 41560
13755 37458
13758 20594
13761 44104
13775 24706
13784 27762
13800 37654
13810 29962
13813 16921
13818 16756
13839 19321
13850 39026
13871 36848
13883 46766
13891 38320
13893 24806
13904 28309
13948 32642
13949 43271
13958 40952
13959 42576
13968 36747
13976 21675
13978 24597
13999 16874
14004 23501
14028 48733
14037 31162
14037 48482
14052 48801
14070 36589
14073 23465
14076 42571
14090 16572
14090 18064
14095 34208
14103 30687
14113 25993
14114 14477
14131 44119
14136 25509
14146 35512
14172 22906
14198 32273
14203 39130
14230 39410
14231 25594
14231 33383
14238 27389
14241 38114
14253 41562
14272 42453
14281 31642
14287 41024
14294 31178
14322 44671
14323 15715
14326 38984
14330 31379
14349 42959
14382 23975
14383 30946
14386 14909
14402 27683
14407 49562
14419 44589
14422 15841
14426 39052
14437 33430
14462 28586
14472 33824
14480 36246
14503 41180
14507 49644
14508 17334
14523 41671
14524 31394
14526 49868
14527 43893
14532 26864
14536 21141
14550 42004
14553 28764
14554 24402
14568 23485
14575 18192
14585 47162
14593 41945
14599 28146
14612 43019
14614 46649
14623 24820
14638 27870
14647 21455
14655 36375
14658 17501
14663 49130
14668 16085
14675 46280
14688 25338
14691 49737
14692 33206
14697 47122
14699 18749
14708 36218
14719 31615
14731 34978
14733 18539
14752 36994
14762 32422
14781 29270
14786 21950
14794 26408
14798 16993
14810 15674
14836 49850
14839 41608
14848 41783
14855 48607
14857 45738
14863 33529
14876 33205
14879 28342
14884 33087
14938 32098
14944 31862
14947 33817
14948 23530
14948 49066
14958 39009
14965 31058
14972 24115
14972 44649
14977 18442
14977 27711
14978 46598
14993 42685
14997 36637
15007 43709
15017 35238
15029 35489
15050 44413
15051 41246
15057 46351
15069 19945
15080 49026
15085 42993
15088 26286
15093 16760
15106 19620
15129 26947
15144 40836
15148 33592
15150 16854
15153 31107
15158 46967
15173 28902
15176 18577
15195 44241
15199 35463
15201 24509
15204 16699
15211 49288
15245 33548
15278 49538
15279 22466
15285 49749
15304 16253
15308 38980
15310 39586
15318 26162
15345 44400
15359 23989
15362 40978
15363 35921
15371 17882
15376 40625
15394 39208
15396 31753
15408 17042
15425 38500
15431 36515
15438 44143
15442 31834
15445 49763
15447 30467
15449 22888
15454 30883
15457 17697
15458 49124
15465 40503
15470 38211
15479 33452
15494 33236
15501 48152
15503 32954
15520 46473
15520 49880
15531 23856
15536 29756
15541 44183
15544 37853
15552 34220
15553 41488
15565 25165
15585 20688
15587 29066
15646 40340
15665 20520
15669 34436
15669 39336
15672 31753
15675 29079
15680 24813
15699 49744
15730 38771
15735 22423
15736 45267
15742 17276
15763 18225
15764 30982
15768 17195
15777 32037
15785 38857
15795 37126
15803 33627
15817 39865
15820 15875
15823 38424
15832 30642
15845 48377
15845 49448
15845 49457
15846 21081
15847 31708
15851 47635
15853 28111
15859 39232
15880 28426
15901 17516
15906 43060
15912 46456
15923 22714
15925 38079
15926 19781
15934 24942
15943 45194
15947 18948
15977 23081
15977 26726
15979 25501
15979 47710
16004 36517
16017 32464
16029 45745
16032 34402
16034 48220
16035 26822
16055 19262
16073 16185
16087 30760
16087 32256
16099 44049
16117 28160
16118 21913
16125 21013
16137 44524
16141 47358
16156 34189
16158 31137
16159 19890
16176 27911
16187 33013
16215 38759
16232 25767
16240 29464
16257 19198
16286 21218
16298 30489
16303 34217
16304 22113
16310 41009
16329 44001
16331 41986
16344 32083
16356 19657
16356 39483
16368 17949
16372 48752
16373 27625
16374 19852
16377 27974
16381 44972
16396 21643
16397 22097
16399 37255
16415 28129
16430 20475
16432 29418
16464 34434
16468 22745
16478 29680
16491 22767
16492 34747
16502 47452
16506 32431
16521 21908
16524 27362
16525 21080
16526 19990
16532 47200
16577 43479
16599 23634
16600 29715
16603 36230
16613 48565
16629 44694
16631 35489
16639 40536
16642 34029
16645 36278
16647 24771
16652 18033
16654 42729
16656 45804
16660 28920
16674 24260
16675 41028
16694 21192
16698 22713
16701 37378
16704 24299
16706 29299
16710 34492
16714 47598
16720 34480
16729 47935
16730 37928
16763 34443
16776 25032
16777 42534
16790 47829
16811 49815
16812 44359
16821 49158
16830 20103
16837 36944
16850 19268
16864 40855
16868 17218
16887 36030
16891 23626
16897 21714
16899 39753
16913 48327
16922 26155
16933 28974
16951 45549
16965 45383
16986 45786
16987 17323
16994 28732
17002 38538
17003 26514
17003 46445
17075 38305
17085 32043
17094 38865
17097 41331
17107 23194
17107 32862
17108 31093
17111 46823
17124 36383
17128 43595
17130 30393
17131 25034
17144 18635
17148 33990
17153 45572
17157 35359
17196 32262
17212 21109
17219 40729
17220 18983
17228 34422
17234 38003
17236 37657
17246 29727
17247 45192
17267 35937
17280 44620
17290 48753
17302 22404
17309 31939
17314 37103
17319 45535
17378 25936
17414 43249
17422 36330
17424 26556
17425 48118
17431 26664
17441 33547
17449 40747
17471 29777
17476 42838
17495 28795
17498 39139
17508 21490
17533 47152
17536 28680
17548 44300
17560 25379
17564 48503
17568 24568
17579 46763
17583 39283
17611 18512
17627 40661
17630 44508
17636 37429
17648 31908
17653 43784
17680 41186
17688 27065
17700 20196
17708 26503
17724 30358
17728 36713
17729 21398
17733 38922
17735 34592
17743 19746
17754 32553
17755 38074
17756 45905
17758 25206
17770 35659
17777 24462
17794 45792
17795 18920
17801 36885
17818 19943
17833 23348
17833 48813
17858 47155
17862 45317
17866 36982
17878 47670
17900 21773
17907 37427
17934 39322
17937 28078
17941 40115
17960 44706
17968 31179
17972 48692
17975 36593
18033 26543
18053 34806
18067 47592
18068 48262
18090 29446
18099 25433
18114 21198
18131 21882
18144 40986
18152 43104
18153 28387
18154 31111
18155 19913
18168 45493
18175 30660
18176 27590
18177 32564
18193 23543
18204 20458
18205 39002
18211 41988
18219 22546
18228 20431
18228 24750
18228 47751
18230 21416
18234 36531
18241 20008
18254 41957
18273 47799
18276 21380
18291 27291
18302 25945
18307 35637
18310 24612
18315 46731
18318 18641
18324 47906
18325 33579
18350 18672
18359 40603
18360 21687
18362 47321
18364 37131
18432 46781
18433 49759
18434 37319
18442 38224
18472 22490
18495 46284
18498 18829
18508 19403
18529 48227
18530 49493
18533 21991
18562 32326
18563 25101
18572 40342
18575 26935
18576 28204
18587 30052
18590 43808
18594 22977
18603 30926
18608 31301
18620 32130
18625 26311
18635 40768
18657 43297
18681 35251
18693 29769
18693 42676
18720 42498
18727 28986
18761 49614
18765 45779
18774 23492
18782 19617
18790 35448
18803 28251
18806 33237
18826 25173
18832 45391
18834 39792
18837 28792
18841 42816
18858 36556
18861 33217
18866 36376
18878 39039
18879 32205
18882 33390
18887 30906
18891 27236
18900 47720
18930 41281
18931 30503
18939 33400
18963 30973
18979 22415
18992 27526
19000 25155
19010 39040
19027 33079
19046 25973
19052 39008
19065 20897
19073 43264
19085 41450
19089 33740
19096 26790
19104 21772
19122 30516
19125 44325
19140 42021
19170 45464
19175 24948
19181 39152
19188 35290
19196 49166
19210 23174
19233 30953
19235 30488
19247 43382
19252 36163
19285 28542
19298 38386
19312 30145
19314 43903
19336 36090
19342 34422
19349 24416
19364 49033
19372 33017
19377 35645
19382 44313
19383 43340
19394 41710
19434 43798
19440 39859
19454 38373
19458 26524
19480 43551
19493 48398
19494 25574
19495 37903
19504 46485
19507 47208
19522 34666
19528 19976
19529 49412
19534 33883
19543 41771
19544 47306
19575 22443
19577 27827
19585 25286
19590 41343
19607 42798
19614 44224
19617 25015
19620 37274
19628 19848
19633 36598
19649 32450
19663 46070
19687 24073
19694 22356
19702 44597
19704 26201
19709 36950
19754 25967
19754 31513
19769 19911
19784 49078
19806 23403
19809 45008
19814 47625
19817 32826
19829 21337
19830 26117
19861 36126
19872 23812
19872 37885
19886 46564
19889 39351
19894 26109
19916 48595
19949 29327
19963 23316
19969 22261
19970 20730
19971 22996
19993 48345
19997 43529
20003 46013
20012 43698
20021 30432
20039 47073
20070 46895
20085 29685
20088 39377
20100 24620
20106 26456
20114 26098
20127 44930
20141 45712
20148 25568
20158 27944
20158 42273
20165 48134
20167 24523
20169 48488
20175 26682
20182 41330
20185 22801
20193 34802
20207 29206
20235 36424
20246 48740
20249 29573
20258 33368
20264 48144
20265 46551
20274 44324
20277 34698
20296 29012
20313 44055
20320 41110
20335 37693
20343 32017
20350 25340
20355 40460
20358 35006
20366 40083
20371 23936
20372 43661
20373 48432
20374 39720
20378 24419
20392 35815
20393 37274
20393 42940
20396 38033
20401 47459
20403 32595
20408 23434
20412 43878
20415 43090
20422 24928
20451 26281
20457 45840
20466 20944
20486 22064
20533 20989
20554 38907
20559 40942
20562 28700
20565 21517
20580 34750
20604 48062
20616 39875
20634 25275
20642 27799
20642 29857
20653 26397
20659 45903
20671 46261
20722 44216
20745 47714
20759 41556
20765 37139
20779 43853
20807 31225
20815 29628
20817 42192
20833 33671
20834 33240
20847 47377
20854 28689
20902 49050
20905 49580
20908 39845
20916 23664
20928 28643
20930 24805
20945 44193
20958 39669
20963 36728
20987 35268
20987 38833
21009 42604
21020 37083
21021 48631
21035 46698
21060 28166
21066 28162
21099 43312
21131 38116
21133 48784
21135 45304
21148 21875
21177 47247
21195 44388
21209 32184
21222 30316
21225 26270
21258 31828
21259 35888
21261 31143
21263 44959
21270 44529
21273 39499
21284 40313
21294 36060
21297 36361
21302 34966
21322 34606
21324 24480
21392 31525
21401 44594
21417 29648
21451 34417
21462 35615
21467 46376
21481 47843
21498 31917
21501 40125
21550 37446
21552 23262
21553 40213
21556 32819
21559 25795
21559 43798
21567 46102
21570 34715
21591 44269
21597 46182
21598 24056
21607 36048
21615 40586
21616 23421
21621 49370
21674 32691
21691 45201
21708 45473
21715 44944
21725 41169
21735 27946
21769 23261
21778 25300
21789 36904
21798 26426
21811 44743
21852 41636
21854 39249
21857 27837
21884 41284
21889 43411
21907 40972
21923 33757
21926 35145
21934 28971
21935 26217
21944 25700
21949 40497
21957 42536
21966 43172
21967 23717
21968 46522
21972 38532
22001 32218
22023 44543
22061 37869
22062 25856
22065 49727
22074 24228
22080 30573
22098 38365
22109 33869
22113 32875
22125 24150
22131 48347
22135 37724
22136 32561
22137 44490
22142 37544
22147 49397
22150 49908
22158 29660
22158 42695
22159 33178
22171 31133
22185 39819
22191 49375
22193 39858
22194 26423
22197 24069
22225 49278
22227 49112
22237 45451
22265 36495
22278 43798
22280 38454
22288 30018
22311 33201
22328 45071
22349 31399
22354 28962
22382 35490
22431 26070
22439 36115
22461 34616
22471 26012
22477 22520
22483 40174
22488 37654
22508 24683
22515 36680
22516 30612
22520 45496
22528 33878
22534 25231
22571 41741
22577 36923
22578 36627
22581 22888
22609 31466
22653 22781
22663 40678
22669 31861
22673 32073
22679 25817
22686 47264
22705 43479
22708 41308
22709 28116
22711 45865
22718 23297
22729 28525
22735 34695
22772 42653
22777 40704
22787 30869
22789 44708
22813 47030
22817 47916
22820 46273
22849 27275
22855 28787
22866 39775
22873 45571
22892 30573
22905 40117
22922 30226
22928 25960
22932 29362
22933 44342
22941 38764
22962 29969
22991 46362
22994 25953
23004 29210
23018 25394
23022 38716
23025 25583
23026 31692
23049 28796
23050 32400
23064 26915
23114 31381
23119 35701
23133 27517
23137 24002
23147 43536
23156 47786
23219 36561
23223 33531
23239 37242
23264 31624
23275 48652
23288 29562
23313 45407
23327 47507
23333 32502
23367 41461
23382 43933
23386 34268
23402 31887
23403 35489
23404 36576
23404 49975
23422 49475
23427 38269
23429 40656
23442 37070
23444 47474
23451 47246
23454 40242
23469 48964
23475 34645
23480 26944
23484 35452
23491 49175
23513 41586
23519 46036
23528 34179
23535 29051
23535 47742
23560 34935
23580 34799
23582 31874
23590 41179
23597 44093
23609 33109
23610 32955
23618 38624
23618 43091
23631 45576
23650 30425
23667 32821
23667 43907
23676 31097
23690 26765
23705 29138
23709 39549
23713 44638
23721 25709
23725 46498
23741 34682
23779 24017
23794 38096
23800 45557
23813 30326
23813 34336
23866 26815
23880 47751
23883 45170
23886 24399
23897 32356
23930 34664
23941 30040
23942 36763
23949 39637
23964 30011
23966 25678
23967 45579
23999 33726
24002 33104
24032 36344
24034 43242
24036 46934
24052 45024
24059 38800
24065 29093
24070 38985
24079 34641
24084 32741
24085 26982
24100 43259
24149 49254
24162 38612
24163 43275
24207 32604
24247 29549
24254 30343
24254 31292
24261 39593
24285 28167
24296 30159
24321 26741
24328 40485
24337 27128
24347 44561
24404 49035
24420 45339
24420 45977
24422 40999
24423 36879
24428 46250
24430 42567
24437 45875
24457 26216
24464 37455
24468 34354
24476 27133
24477 33027
24481 31968
24504 36509
24525 28639
24531 37979
24539 39671
24541 29606
24547 27602
24549 43506
24557 42694
24567 42484
24600 40727
24614 41670
24620 30675
24638 38483
24647 28576
24655 42065
24675 26141
24679 38539
24686 33327
24688 37438
24693 26885
24709 37798
24726 37900
24729 36213
24737 36165
24744 38531
24750 38086
24762 32063
24775 41163
24777 27068
24779 48844
24789 42819
24808 41171
24814 37792
24847 49275
24864 40663
24899 32536
24921 27121
24941 40386
24943 43350
24970 44083
25002 41446
25039 35727
25053 25886
25073 48247
25087 32155
25089 26641
25113 38822
25115 35727
25117 29443
25117 39654
25117 48393
25126 33535
25149 40330
25150 38695
25181 49617
25185 42287
25185 49903
25204 28749
25217 31236
25217 48578
25226 36374
25243 27216
25244 46676
25260 25467
25266 36263
25295 26654
25299 46725
25305 35679
25327 42452
25337 45430
25356 49200
25358 32247
25389 45126
25405 46947
25417 28502
25420 41797
25422 41646
25428 34024
25461 46923
25463 31244
25476 37849
25490 46326
25556 45532
25560 37196
25566 26019
25608 35427
25610 39959
25611 48714
25612 31657
25620 42575
25625 36446
25626 26567
25680 28263
25682 49151
25704 49580
25705 34145
25710 28376
25725 33794
25727 34659
25735 32698
25758 49387
25765 41473
25801 42750
25821 31719
25823 42642
25842 35367
25846 47378
25848 46521
25874 46928
25901 48890
25902 32086
25952 40920
25955 43870
25973 38387
25989 33667
26009 39689
26017 31870
26035 45497
26040 30441
26097 29912
26117 49062
26132 44999
26144 43492
26179 33550
26179 42501
26189 32852
26212 30804
26215 27047
26217 47923
26246 39416
26251 38978
26252 41806
26286 45955
26335 26404
26340 40141
26365 43671
26376 36464
26385 32638
26399 32146
26449 30709
26467 30370
26486 33664
26506 30832
26518 33108
26578 47118
26582 27883
26604 37101
26608 29224
26613 45577
26614 37732
26618 39642
26643 36763
26646 32879
26649 34134
26655 46180
26657 34523
26662 47463
26667 29464
26678 27225
26679 35882
26691 45716
26716 45321
26718 48409
26719 34108
26722 44664
26739 49977
26742 41491
26748 49408
26757 33163
26769 30963
26771 34531
26771 43182
26780 37358
26846 28187
26856 46357
26876 45129
26883 44058
26898 44817
26913 28176
26943 29720
26962 42884
26968 31236
26980 45103
27025 30970
27026 27842
27069 42342
27101 34341
27132 48803
27134 38731
27141 31857
27144 47374
27153 27966
27171 38601
27187 34862
27189 41142
27204 29503
27212 46784
27217 40742
27218 32267
27223 36797
27237 41886
27244 37125
27289 32581
27293 46763
27296 29740
27311 38216
27315 45466
27343 39692
27346 39782
27346 42822
27349 49067
27383 27508
27405 41423
27429 29505
27459 42737
27472 35495
27473 36488
27488 49075
27491 37208
27537 30986
27548 42686
27552 31763
27557 33719
27560 28290
27567 49122
27569 33702
27588 28216
27590 31427
27596 37202
27597 28934
27639 32822
27702 37575
27707 32755
27721 31951
27724 34972
27741 28905
27796 28345
27801 48041
27817 29948
27819 36369
27819 41498
27819 48710
27825 47940
27838 33693
27884 41187
27940 39742
27971 29226
27978 42313
27998 29257
28011 39328
28034 38309
28040 40291
28090 34265
28105 49898
28110 38360
28112 31236
28121 49569
28163 37926
28172 35779
28189 31099
28191 34070
28200 33155
28201 43614
28212 36970
28231 49096
28237 36314
28243 45962
28295 39120
28323 40247
28327 40680
28346 38098
28360 35158
28364 38357
28390 44229
28395 46481
28409 40813
28434 34201
28445 49159
28486 34182
28513 39619
28550 28850
28552 46076
28567 43240
28584 29070
28587 37890
28592 46110
28655 34557
28656 39257
28669 38105
28677 39786
28684 42605
28696 38260
28705 34020
28713 32009
28743 45741
28754 29608
28765 38599
28817 43924
28824 37960
28839 47650
28863 44464
28864 37839
28866 43605
28884 30337
28918 38517
28924 33575
28941 40063
28954 35291
28959 37661
28998 39558
29017 49930
29040 43499
29055 35800
29057 38710
29058 47112
29073 34722
29095 47745
29113 29274
29125 30522
29181 38045
29186 48536
29196 44239
29196 44697
29218 48978
29232 39332
29241 40103
29244 32601
29246 38244
29267 44792
29294 32036
29307 40050
29312 49691
29313 44347
29316 32113
29320 48975
29356 31106
29365 41466
29401 47144
29408 43036
29410 36290
29415 41968
29453 30080
29464 39932
29465 42209
29472 34147
29479 30679
29482 38230
29493 45448
29510 43561
29523 32322
29531 44645
29533 41094
29540 38291
29550 41954
29581 29827
29583 43834
29585 43764
29591 44618
29611 42721
29652 39649
29666 49980
29670 35046
29676 45332
29677 38206
29690 46689
29739 38420
29746 32734
29771 34741
29777 43890
29796 40657
29825 37738
29825 43302
29859 42726
29865 32432
29887 41289
29899 38053
29918 32590
29936 32645
29953 49407
29974 46531
30006 49926
30088 44526
30093 45419
30110 44108
30114 47798
30118 41927
30161 41599
30182 45937
30191 33457
30211 35363
30218 47999
30255 36998
30256 48664
30268 46594
30299 49373
30305 33876
30330 40060
30334 35700
30364 30509
30376 41385
30398 38951
30401 46450
30409 30712
30429 49757
30436 32321
30442 48661
30445 31303
30447 40513
30451 42694
30453 44065
30461 33728
30469 48300
30490 35959
30516 42834
30544 38986
30553 32922
30573 46322
30580 40073
30597 48940
30600 45464
30613 45882
30657 42601
30667 36239
30674 31912
30694 36597
30712 36348
30755 44780
30761 49925
30770 40073
30820 46666
30829 32068
30852 41267
30857 35076
30867 33890
30893 42421
30900 47653
30935 40204
30964 41273
30972 49440
30980 46675
30983 49095
30987 39521
30990 32177
30997 34603
30999 31085
31003 32574
31009 39991
31014 39813
31038 47528
31055 45657
31069 32059
31075 33400
31077 36225
31104 47717
31129 38010
31148 39317
31150 39191
31161 48682
31204 45631
31236 35750
31250 37221
31287 38533
31289 31863
31306 32199
31318 41564
31336 35139
31353 47365
31367 46673
31371 41132
31378 48013
31412 48218
31418 37786
31421 32757
31468 48312
31481 49315
31483 46303
31494 35163
31496 48254
31514 40717
31545 39901
31582 42093
31592 46375
31640 41463
31654 37315
31656 38121
31677 42213
31697 41396
31744 43631
31790 36844
31837 36822
31853 32142
31900 35243
31902 32168
31921 43317
31942 34686
31958 41761
31989 36174
32039 49279
32091 40145
32125 43085
32135 49053
32144 34670
32188 37770
32257 48113
32280 37242
32296 39229
32300 48733
32309 48017
32328 49251
32335 44478
32337 41812
32346 48906
32374 32651
32398 35034
32398 38228
32402 46118
32407 36689
32419 38516
32487 34148
32509 34672
32510 44674
32518 33666
32532 46705
32541 40298
32552 47880
32554 35058
32559 43497
32590 37336
32670 42492
32697 39539
32709 38797
32710 42863
32721 48632
32737 39969
32772 38926
32799 36976
32852 44034
32870 47151
32927 36455
32930 43869
32933 44734
32974 38931
32996 43438
33002 40576
33047 34860
33092 37209
33124 33532
33125 34983
33161 38193
33177 38217
33193 35713
33194 37282
33213 35081
33238 42770
33250 40841
33305 47200
33319 46228
33326 38115
33328 45633
33341 33735
33362 48809
33369 47813
33432 45177
33466 49907
33517 46536
33518 47600
33530 40827
33606 45813
33607 48892
33664 47127
33673 36128
33680 39812
33715 48999
33721 39941
33724 49982
33774 48395
33813 41485
33829 40800
33832 45478
33838 48358
33841 49417
33875 44844
33899 35270
33909 45509
33963 45163
33983 34291
34004 43101
34014 46871
34024 34473
34079 49024
34108 41572
34115 39934
34117 44894
34129 39397
34138 47456
34147 41954
34187 41492
34218 41661
34234 47056
34250 49953
34256 36329
34261 39186
34279 43069
34290 37296
34319 49477
34341 48450
34359 36145
34359 37781
34383 37658
34431 48327
34466 36426
34477 38860
34483 34708
34501 44299
34576 40624
34583 40737
34592 35581
34623 42727
34659 47381
34675 49045
34703 38439
34726 41808
34735 42035
34743 38052
34755 47648
34807 43371
34814 40011
34852 45337
34903 35734
34904 41622
34938 41682
34940 46547
34974 37749
35012 41651
35080 41377
35118 44372
35156 37870
35182 42319
35187 48102
35192 39759
35202 49601
35220 49727
35241 45013
35267 48126
35316 43170
35320 37177
35342 35380
35347 46129
35395 44264
35435 40472
35438 36135
35454 44492
35457 46495
35464 42321
35472 49463
35489 46863
35492 49951
35499 41994
35521 46788
35541 43913
35547 36821
35548 35989
35553 40768
35564 36711
35572 38227
35588 43304
35644 47144
35693 40881
35695 47950
35702 37668
35734 39692
35766 37001
35824 46410
35877 40343
35890 38505
35894 41763
35931 38019
35947 39083
36046 42991
36098 41455
36153 42520
36200 36647
36212 43926
36227 45923
36228 48790
36233 41884
36253 39175
36259 40144
36266 43807
36267 46582
36309 39391
36312 36718
36399 37151
36416 44442
36441 42656
36442 49021
36447 38124
36448 38867
36484 45096
36492 37645
36497 48754
36503 41861
36521 38446
36525 39855
36545 37712
36585 45353
36626 41837
36654 40332
36687 41482
36690 48200
36700 43392
36715 45504
36738 42013
36740 43594
36778 49344
36792 38750
36816 37937
36834 49934
36863 41769
36927 38704
36934 43469
36943 47299
36946 46058
37087 39122
37132 39827
37135 39025
37183 45364
37217 41524
37240 47623
37250 38959
37250 48275
37255 48928
37281 37755
37283 37542
37306 37936
37365 38852
37368 38920
37390 42962
37392 47517
37416 45117
37440 40622
37516 39279
37552 44989
37712 43380
37766 49350
37790 44622
37797 38087
37846 38560
37852 40550
37880 45032
37886 42860
37965 48603
37974 39652
38065 46605
38071 42356
38076 39888
38131 46755
38140 41600
38144 38228
38148 41502
38148 43255
38185 45170
38244 40001
38311 45825
38334 44232
38338 43117
38344 49709
38462 43851
38499 39563
38521 43475
38676 49176
38676 49922
38703 46663
38747 46926
38803 44503
38841 39610
38866 39055
38869 44169
38881 40905
38898 39335
38937 46374
38946 38968
38998 39194
39010 47336
39041 40632
39119 47337
39156 46805
39204 48648
39234 40269
39259 42147
39261 40129
39267 40862
39270 47159
39323 47639
39323 48829
39334 45269
39344 45938
39370 49179
39418 40314
39418 46667
39437 43391
39544 41131
39571 42696
39599 42027
39605 49211
39743 45390
39782 46765
39791 46399
39815 47055
39889 49137
39918 40907
39923 41705
39925 44406
40019 41696
40025 42239
40030 42428
40054 47108
40078 42217
40079 40471
40091 45347
40121 44327
40180 48429
40232 49869
40262 43572
40274 40308
40294 42230
40302 46945
40305 46656
40308 46809
40327 48445
40351 40353
40457 42159
40486 43382
40501 48298
40509 41331
40512 49801
40520 49668
40588 46341
40591 48931
40599 46930
40635 42214
40644 44609
40698 45992
40700 45122
40744 44691
40750 42239
40777 43212
40833 44356
40908 46770
40929 48620
40984 48065
41036 46004
41099 44424
41266 44736
41297 43152
41309 43603
41311 46029
41329 48423
41330 45630
41382 48228
41439 41926
41470 45501
41508 42076
41613 48842
41681 48225
41689 48286
41722 47417
41748 46383
41853 44748
41975 47529
41983 46447
42006 47634
42015 45279
42025 48689
42032 46635
42090 42862
42163 46122
42230 48496
42282 46369
42298 47012
42312 47782
42327 48834
42363 48004
42374 47640
42609 46630
42631 47678
42666 44669
42678 48148
42683 47141
42684 46788
42755 47407
42764 43414
42766 46141
42900 49112
42964 48044
43013 47661
43045 49464
43075 47490
43125 49909
43239 48824
43258 46298
43262 47534
43347 45044
43363 49377
43370 47126
43378 43562
43492 48038
43581 43687
43637 45729
43726 46818
43765 48887
43771 49653
43822 46947
43837 45542
43874 47704
43915 47159
43963 45637
44056 44483
44108 49163
44186 47715
44192 46603
44228 49638
44234 46942
44252 44465
44266 49721
44450 45831
44459 46392
44466 47531
44727 49536
44752 47874
44831 46259
44837 48278
44847 49984
44896 46967
44991 49132
45012 47630
45034 45240
45140 46093
45252 48001
45309 48086
45418 47094
45540 45544
45621 46759
45624 46934
45710 46187
45748 46116
45815 49114
45894 49957
45924 48900
45928 47233
46276 47695
46322 49937
46463 47123
46515 48252
46560 48300
46585 49645
46608 47153
46749 49746
46778 47750
46788 48664
46830 48300
46998 48822
47110 47163
47484 48205
47511 47902
47542 48066
47638 47803
47656 48180
48141 49801
48200 49141
48236 48982
48292 48908
48522 48572
48977 49274
49421 49693
