919
835
wvuabuqcimcnlhqodem
meicgguzxhrdjzzher
rudrnldkldkf
feuini
iajxmbh
hzvphjbjyovdlnb
bkwekkouxdc
cojow
wvuabuqcimcnlhqodem
meicgguzxhrdjzzher
rudrnldkldkf
feuini
iajxmbh
hzvphjbjyovdlnb
bkwekkouxdc
cojow
wvuabuqcimcnlhqodem
meicgguzxhrdjzzher
rudrnldkldkf
feuini
iajxmbh
hzvphjbjyovdlnb
bkwekkouxdc
cojow
wvuabuqcimcnlhqodem
meicgguzxhrdjzzher
rudrnldkldkf
feuini
iajxmbh
hzvphjbjyovdlnb
bkwekkouxdc
cojow
wvuabuqcimcnlhqodem
meicgguzxhrdjzzher
rudrnldkldkf
feuini
iajxmbh
hzvphjbjyovdlnb
bkwekkouxdc
cojow
wvuabuqcimcnlhqodem
meicgguzxhrdjzzher
rudrnldkldkf
feuini
iajxmbh
hzvphjbjyovdlnb
bkwekkouxdc
cojow
wvuabuqcimcnlhqodem
meicgguzxhrdjzzher
rudrnldkldkf
feuini
iajxmbh
hzvphjbjyovdlnb
bkwekkouxdc
cojow
wvuabuqcimcnlhqodem
meicgguzxhrdjzzher
rudrnldkldkf
feuini
iajxmbh
hzvphjbjyovdlnb
bkwekkouxdc
cojow
wvuabuqcimcnlhqodem
meicgguzxhrdjzzher
rudrnldkldkf
feuini
iajxmbh
hzvphjbjyovdlnb
bkwekkouxdc
cojow
wvuabuqcimcnlhqodem
meicgguzxhrdjzzher
rudrnldkldkf
feuini
iajxmbh
hzvphjbjyovdlnb
bkwekkouxdc
cojow
warsaw
werrrr
ruuuuuuu
ultim
