189
2 47
2 71
2 83
2 91
2 95
2 99
2 95
2 97
2 95
2 91
2 92
2 93
2 83
2 84
2 85
2 85
2 85
2 86
2 86
2 71
2 71
2 71
2 71
2 71
2 71
2 71
2 71
2 71
2 71
2 71
2 47
2 59
2 60
2 60
2 61
2 61
2 62
2 62
2 63
2 63
2 64
2 64
2 47
2 47
2 47
2 47
2 47
2 47
2 47
2 47
2 47
2 47
2 47
2 24
2 25
2 26
2 27
2 28
2 29
2 30
2 31
2 32
2 33
2 33
2 33
2 33
2 33
2 33
2 33
2 33
2 33
2 33
2 33
2 33
2 33
2 12
2 20
2 22
2 20
2 12
2 16
2 18
2 16
2 12
2 14
2 12
2 1
2 1
2 2
2 2
2 3
2 3
2 4
2 4
2 5
2 5
1 3
1 5
1 7
1 6
1 9
1 11
1 10
1 20
1 19
1 18
1 17
1 16
1 15
1 14
1 13
1 21
1 22
1 23
1 37
1 36
1 35
1 34
1 33
1 32
1 31
1 30
1 29
1 28
1 27
1 26
1 25
1 38
1 39
1 40
1 41
1 42
1 43
1 44
1 45
1 46
1 53
1 52
1 54
1 51
1 55
1 50
1 56
1 49
1 57
1 48
1 58
1 63
1 64
1 65
1 66
1 67
1 68
1 69
1 70
1 62
1 61
1 60
1 59
1 82
1 81
1 80
1 79
1 78
1 77
1 76
1 75
1 74
1 73
1 72
1 84
1 88
1 89
1 87
1 86
1 91
1 92
1 90
1 85
1 94
1 95
1 97
1 96
1 98
1 100
1 99
1 93
1 83
1 71
